# JRE version: OpenJDK Runtime Environment Temurin-17.0.7+7 (17.0.7+7) (build 17.0.7+7)
# Java VM: OpenJDK 64-Bit Server VM Temurin-17.0.7+7 (17.0.7+7, mixed mode, sharing, tiered, compressed oops, compressed class ptrs, g1 gc, windows-amd64)
GC Precious Log:
 CPUs: 4 total, 4 available
 Memory: 8071M
 Large Page Support: Disabled
 NUMA Support: Disabled
 Compressed Oops: Enabled (32-bit)
 Heap Region Size: 1M
 Heap Min Capacity: 8M
 Heap Initial Capacity: 128M
 Heap Max Capacity: 2018M
 Pre-touch: Disabled
 Parallel Workers: 4
 Concurrent Workers: 1
 Concurrent Refinement Workers: 4
 Periodic GC: Disabled
Heap:
 garbage-first heap   total 54272K, used 40435K [0x0000000081e00000, 0x0000000100000000)
  region size 1024K, 10 young (10240K), 3 survivors (3072K)
 Metaspace       used 31663K, committed 31872K, reserved 1114112K
  class space    used 3504K, committed 3584K, reserved 1048576K
GC Heap History (20 events):
Event: 21.370 GC heap before
{Heap before GC invocations=7 (full 0):
 garbage-first heap   total 51200K, used 38476K [0x0000000081e00000, 0x0000000100000000)
  region size 1024K, 23 young (23552K), 1 survivors (1024K)
 Metaspace       used 21734K, committed 22016K, reserved 1114112K
  class space    used 2429K, committed 2560K, reserved 1048576K
}
Event: 21.379 GC heap after
{Heap after GC invocations=8 (full 0):
 garbage-first heap   total 51200K, used 16463K [0x0000000081e00000, 0x0000000100000000)
  region size 1024K, 2 young (2048K), 2 survivors (2048K)
 Metaspace       used 21734K, committed 22016K, reserved 1114112K
  class space    used 2429K, committed 2560K, reserved 1048576K
}
Event: 25.895 GC heap before
{Heap before GC invocations=8 (full 0):
 garbage-first heap   total 51200K, used 38991K [0x0000000081e00000, 0x0000000100000000)
  region size 1024K, 24 young (24576K), 2 survivors (2048K)
 Metaspace       used 22148K, committed 22400K, reserved 1114112K
  class space    used 2445K, committed 2560K, reserved 1048576K
}
Event: 25.901 GC heap after
{Heap after GC invocations=9 (full 0):
 garbage-first heap   total 51200K, used 17359K [0x0000000081e00000, 0x0000000100000000)
  region size 1024K, 2 young (2048K), 2 survivors (2048K)
 Metaspace       used 22148K, committed 22400K, reserved 1114112K
  class space    used 2445K, committed 2560K, reserved 1048576K
}
Event: 27.126 GC heap before
{Heap before GC invocations=9 (full 0):
 garbage-first heap   total 51200K, used 39887K [0x0000000081e00000, 0x0000000100000000)
  region size 1024K, 24 young (24576K), 2 survivors (2048K)
 Metaspace       used 22153K, committed 22400K, reserved 1114112K
  class space    used 2445K, committed 2560K, reserved 1048576K
}
Event: 27.132 GC heap after
{Heap after GC invocations=10 (full 0):
 garbage-first heap   total 51200K, used 17390K [0x0000000081e00000, 0x0000000100000000)
  region size 1024K, 1 young (1024K), 1 survivors (1024K)
 Metaspace       used 22153K, committed 22400K, reserved 1114112K
  class space    used 2445K, committed 2560K, reserved 1048576K
}
Event: 28.231 GC heap before
{Heap before GC invocations=10 (full 0):
 garbage-first heap   total 51200K, used 40942K [0x0000000081e00000, 0x0000000100000000)
  region size 1024K, 24 young (24576K), 1 survivors (1024K)
 Metaspace       used 22170K, committed 22400K, reserved 1114112K
  class space    used 2445K, committed 2560K, reserved 1048576K
}
Event: 28.235 GC heap after
{Heap after GC invocations=11 (full 0):
 garbage-first heap   total 51200K, used 17503K [0x0000000081e00000, 0x0000000100000000)
  region size 1024K, 2 young (2048K), 2 survivors (2048K)
 Metaspace       used 22170K, committed 22400K, reserved 1114112K
  class space    used 2445K, committed 2560K, reserved 1048576K
}
Event: 29.443 GC heap before
{Heap before GC invocations=11 (full 0):
 garbage-first heap   total 51200K, used 41055K [0x0000000081e00000, 0x0000000100000000)
  region size 1024K, 25 young (25600K), 2 survivors (2048K)
 Metaspace       used 22176K, committed 22400K, reserved 1114112K
  class space    used 2445K, committed 2560K, reserved 1048576K
}
Event: 29.446 GC heap after
{Heap after GC invocations=12 (full 0):
 garbage-first heap   total 51200K, used 17478K [0x0000000081e00000, 0x0000000100000000)
  region size 1024K, 2 young (2048K), 2 survivors (2048K)
 Metaspace       used 22176K, committed 22400K, reserved 1114112K
  class space    used 2445K, committed 2560K, reserved 1048576K
}
Event: 30.373 GC heap before
{Heap before GC invocations=12 (full 0):
 garbage-first heap   total 51200K, used 42054K [0x0000000081e00000, 0x0000000100000000)
  region size 1024K, 26 young (26624K), 2 survivors (2048K)
 Metaspace       used 22406K, committed 22656K, reserved 1114112K
  class space    used 2445K, committed 2560K, reserved 1048576K
}
Event: 30.376 GC heap after
{Heap after GC invocations=13 (full 0):
 garbage-first heap   total 51200K, used 17289K [0x0000000081e00000, 0x0000000100000000)
  region size 1024K, 1 young (1024K), 1 survivors (1024K)
 Metaspace       used 22406K, committed 22656K, reserved 1114112K
  class space    used 2445K, committed 2560K, reserved 1048576K
}
Event: 32.273 GC heap before
{Heap before GC invocations=13 (full 0):
 garbage-first heap   total 51200K, used 42889K [0x0000000081e00000, 0x0000000100000000)
  region size 1024K, 26 young (26624K), 1 survivors (1024K)
 Metaspace       used 22908K, committed 23104K, reserved 1114112K
  class space    used 2504K, committed 2624K, reserved 1048576K
}
Event: 32.277 GC heap after
{Heap after GC invocations=14 (full 0):
 garbage-first heap   total 51200K, used 18035K [0x0000000081e00000, 0x0000000100000000)
  region size 1024K, 2 young (2048K), 2 survivors (2048K)
 Metaspace       used 22908K, committed 23104K, reserved 1114112K
  class space    used 2504K, committed 2624K, reserved 1048576K
}
Event: 34.356 GC heap before
{Heap before GC invocations=14 (full 0):
 garbage-first heap   total 51200K, used 42611K [0x0000000081e00000, 0x0000000100000000)
  region size 1024K, 26 young (26624K), 2 survivors (2048K)
 Metaspace       used 23563K, committed 23744K, reserved 1114112K
  class space    used 2555K, committed 2624K, reserved 1048576K
}
Event: 34.360 GC heap after
{Heap after GC invocations=15 (full 0):
 garbage-first heap   total 51200K, used 18706K [0x0000000081e00000, 0x0000000100000000)
  region size 1024K, 3 young (3072K), 3 survivors (3072K)
 Metaspace       used 23563K, committed 23744K, reserved 1114112K
  class space    used 2555K, committed 2624K, reserved 1048576K
}
Event: 35.279 GC heap before
{Heap before GC invocations=15 (full 0):
 garbage-first heap   total 51200K, used 45330K [0x0000000081e00000, 0x0000000100000000)
  region size 1024K, 25 young (25600K), 3 survivors (3072K)
 Metaspace       used 29414K, committed 29632K, reserved 1114112K
  class space    used 3274K, committed 3392K, reserved 1048576K
}
Event: 35.296 GC heap after
{Heap after GC invocations=16 (full 0):
 garbage-first heap   total 54272K, used 27025K [0x0000000081e00000, 0x0000000100000000)
  region size 1024K, 4 young (4096K), 4 survivors (4096K)
 Metaspace       used 29414K, committed 29632K, reserved 1114112K
  class space    used 3274K, committed 3392K, reserved 1048576K
}
Event: 35.725 GC heap before
{Heap before GC invocations=16 (full 0):
 garbage-first heap   total 54272K, used 36241K [0x0000000081e00000, 0x0000000100000000)
  region size 1024K, 13 young (13312K), 4 survivors (4096K)
 Metaspace       used 31642K, committed 31872K, reserved 1114112K
  class space    used 3504K, committed 3584K, reserved 1048576K
}
Event: 35.736 GC heap after
{Heap after GC invocations=17 (full 0):
 garbage-first heap   total 54272K, used 32243K [0x0000000081e00000, 0x0000000100000000)
  region size 1024K, 3 young (3072K), 3 survivors (3072K)
 Metaspace       used 31642K, committed 31872K, reserved 1114112K
  class space    used 3504K, committed 3584K, reserved 1048576K
}

